2017-11-20-main-ERROR-root      :ORA-00942: table or view does not exist

2017-11-20-main-ERROR-root      :ORA-00942: table or view does not exist

2017-11-20-main-ERROR-root      :ORA-00942: table or view does not exist

2017-11-20-main-INFO -root      :Connection established.
2017-11-20-main-ERROR-root      :ORA-00942: table or view does not exist

2017-11-20-main-INFO -root      :Connection established.
2017-11-20-main-ERROR-root      :ORA-00942: table or view does not exist

2017-11-20-main-INFO -root      :Connection established.
2017-11-20-main-INFO -root      :Connection established.
2017-11-20-main-ERROR-root      :Invalid name: -7000
2017-11-20-main-INFO -root      :Connection established.
2017-11-20-main-INFO -root      :Connection established.
2017-11-20-main-INFO -root      :Connection established.
2017-11-20-main-INFO -root      :Connection established.
2017-11-20-main-ERROR-root      :Invalid salary: -90000
2017-11-20-main-INFO -root      :Connection established.
2017-11-20-main-INFO -root      :Connection established.
2017-11-20-main-INFO -root      :Connection established.
2017-11-20-main-INFO -root      :Connection established.
2017-11-21-main-ERROR-root      :ORA-01017: invalid username/password; logon denied

2017-11-21-main-ERROR-root      : Database connection problem
2017-11-21-main-ERROR-root      :ORA-01017: invalid username/password; logon denied

2017-11-21-main-ERROR-root      : Database connection problem
2017-11-21-main-ERROR-root      :ORA-01017: invalid username/password; logon denied

2017-11-21-main-INFO -root      :Connection established.
2017-11-21-main-INFO -root      :Connection established.
2017-11-21-main-INFO -root      :Connection established.
2017-11-21-main-INFO -root      :Connection established.
2017-11-21-main-INFO -root      :Connection established.
2017-11-21-main-INFO -root      :Connection established.
2017-11-21-main-INFO -root      :Connection established.
2017-11-21-main-INFO -root      :Connection established.
2017-11-21-main-INFO -root      :Connection established.
2017-11-21-main-INFO -root      :Connection established.
2017-11-21-main-INFO -root      :Connection established.
2017-11-21-main-INFO -root      :Connection established.
2017-11-21-main-INFO -root      :Connection established.
2017-11-21-main-INFO -root      :Connection established.
2017-11-21-main-ERROR-root      :Problem occured.
2017-11-21-main-INFO -root      :Connection established.
2017-11-21-main-INFO -root      :Connection established.
2017-11-21-main-INFO -root      :Connection established.
2017-11-21-main-INFO -root      :Connection established.
2017-11-21-main-INFO -root      :Connection established.
2017-11-21-main-ERROR-root      :ORA-01017: invalid username/password; logon denied

